# JRE version: OpenJDK Runtime Environment Microsoft-11926163 (17.0.16+8) (build 17.0.16+8-LTS)
# Java VM: OpenJDK 64-Bit Server VM Microsoft-11926163 (17.0.16+8-LTS, mixed mode, sharing, tiered, compressed oops, compressed class ptrs, g1 gc, windows-amd64)
GC Precious Log:
 CPUs: 12 total, 12 available
 Memory: 16024M
 Large Page Support: Disabled
 NUMA Support: Disabled
 Compressed Oops: Enabled (32-bit)
 Heap Region Size: 1M
 Heap Min Capacity: 8M
 Heap Initial Capacity: 252M
 Heap Max Capacity: 2G
 Pre-touch: Disabled
 Parallel Workers: 10
 Concurrent Workers: 3
 Concurrent Refinement Workers: 10
 Periodic GC: Disabled
Heap:
 garbage-first heap   total 313344K, used 261268K [0x0000000080000000, 0x0000000100000000)
  region size 1024K, 12 young (12288K), 2 survivors (2048K)
 Metaspace       used 152465K, committed 154240K, reserved 622592K
  class space    used 19990K, committed 20864K, reserved 425984K
GC Heap History (20 events):
Event: 142.373 GC heap before
{Heap before GC invocations=68 (full 0):
 garbage-first heap   total 313344K, used 266849K [0x0000000080000000, 0x0000000100000000)
  region size 1024K, 44 young (45056K), 7 survivors (7168K)
 Metaspace       used 148421K, committed 150080K, reserved 557056K
  class space    used 19508K, committed 20352K, reserved 425984K
}
Event: 142.377 GC heap after
{Heap after GC invocations=69 (full 0):
 garbage-first heap   total 313344K, used 235112K [0x0000000080000000, 0x0000000100000000)
  region size 1024K, 6 young (6144K), 6 survivors (6144K)
 Metaspace       used 148421K, committed 150080K, reserved 557056K
  class space    used 19508K, committed 20352K, reserved 425984K
}
Event: 142.579 GC heap before
{Heap before GC invocations=69 (full 0):
 garbage-first heap   total 313344K, used 267880K [0x0000000080000000, 0x0000000100000000)
  region size 1024K, 38 young (38912K), 6 survivors (6144K)
 Metaspace       used 148623K, committed 150336K, reserved 557056K
  class space    used 19524K, committed 20352K, reserved 425984K
}
Event: 142.584 GC heap after
{Heap after GC invocations=70 (full 0):
 garbage-first heap   total 313344K, used 239385K [0x0000000080000000, 0x0000000100000000)
  region size 1024K, 4 young (4096K), 4 survivors (4096K)
 Metaspace       used 148623K, committed 150336K, reserved 557056K
  class space    used 19524K, committed 20352K, reserved 425984K
}
Event: 142.956 GC heap before
{Heap before GC invocations=70 (full 0):
 garbage-first heap   total 313344K, used 268057K [0x0000000080000000, 0x0000000100000000)
  region size 1024K, 33 young (33792K), 4 survivors (4096K)
 Metaspace       used 149132K, committed 150784K, reserved 557056K
  class space    used 19586K, committed 20416K, reserved 425984K
}
Event: 142.959 GC heap after
{Heap after GC invocations=71 (full 0):
 garbage-first heap   total 313344K, used 243626K [0x0000000080000000, 0x0000000100000000)
  region size 1024K, 5 young (5120K), 5 survivors (5120K)
 Metaspace       used 149132K, committed 150784K, reserved 557056K
  class space    used 19586K, committed 20416K, reserved 425984K
}
Event: 143.073 GC heap before
{Heap before GC invocations=71 (full 0):
 garbage-first heap   total 313344K, used 268202K [0x0000000080000000, 0x0000000100000000)
  region size 1024K, 30 young (30720K), 5 survivors (5120K)
 Metaspace       used 149593K, committed 151296K, reserved 557056K
  class space    used 19642K, committed 20480K, reserved 425984K
}
Event: 143.075 GC heap after
{Heap after GC invocations=72 (full 0):
 garbage-first heap   total 313344K, used 245951K [0x0000000080000000, 0x0000000100000000)
  region size 1024K, 4 young (4096K), 4 survivors (4096K)
 Metaspace       used 149593K, committed 151296K, reserved 557056K
  class space    used 19642K, committed 20480K, reserved 425984K
}
Event: 143.174 GC heap before
{Heap before GC invocations=72 (full 0):
 garbage-first heap   total 313344K, used 269503K [0x0000000080000000, 0x0000000100000000)
  region size 1024K, 28 young (28672K), 4 survivors (4096K)
 Metaspace       used 150499K, committed 152192K, reserved 622592K
  class space    used 19740K, committed 20608K, reserved 425984K
}
Event: 143.177 GC heap after
{Heap after GC invocations=73 (full 0):
 garbage-first heap   total 313344K, used 248335K [0x0000000080000000, 0x0000000100000000)
  region size 1024K, 4 young (4096K), 4 survivors (4096K)
 Metaspace       used 150499K, committed 152192K, reserved 622592K
  class space    used 19740K, committed 20608K, reserved 425984K
}
Event: 143.236 GC heap before
{Heap before GC invocations=73 (full 0):
 garbage-first heap   total 313344K, used 269839K [0x0000000080000000, 0x0000000100000000)
  region size 1024K, 26 young (26624K), 4 survivors (4096K)
 Metaspace       used 150820K, committed 152576K, reserved 622592K
  class space    used 19795K, committed 20672K, reserved 425984K
}
Event: 143.239 GC heap after
{Heap after GC invocations=74 (full 0):
 garbage-first heap   total 313344K, used 249934K [0x0000000080000000, 0x0000000100000000)
  region size 1024K, 4 young (4096K), 4 survivors (4096K)
 Metaspace       used 150820K, committed 152576K, reserved 622592K
  class space    used 19795K, committed 20672K, reserved 425984K
}
Event: 143.491 GC heap before
{Heap before GC invocations=74 (full 0):
 garbage-first heap   total 313344K, used 270414K [0x0000000080000000, 0x0000000100000000)
  region size 1024K, 25 young (25600K), 4 survivors (4096K)
 Metaspace       used 151492K, committed 153216K, reserved 622592K
  class space    used 19878K, committed 20736K, reserved 425984K
}
Event: 143.493 GC heap after
{Heap after GC invocations=75 (full 0):
 garbage-first heap   total 313344K, used 250289K [0x0000000080000000, 0x0000000100000000)
  region size 1024K, 1 young (1024K), 1 survivors (1024K)
 Metaspace       used 151492K, committed 153216K, reserved 622592K
  class space    used 19878K, committed 20736K, reserved 425984K
}
Event: 146.839 GC heap before
{Heap before GC invocations=75 (full 0):
 garbage-first heap   total 313344K, used 271793K [0x0000000080000000, 0x0000000100000000)
  region size 1024K, 23 young (23552K), 1 survivors (1024K)
 Metaspace       used 152313K, committed 154112K, reserved 622592K
  class space    used 19978K, committed 20864K, reserved 425984K
}
Event: 146.840 GC heap after
{Heap after GC invocations=76 (full 0):
 garbage-first heap   total 313344K, used 251892K [0x0000000080000000, 0x0000000100000000)
  region size 1024K, 3 young (3072K), 3 survivors (3072K)
 Metaspace       used 152313K, committed 154112K, reserved 622592K
  class space    used 19978K, committed 20864K, reserved 425984K
}
Event: 244.837 GC heap before
{Heap before GC invocations=76 (full 0):
 garbage-first heap   total 313344K, used 273396K [0x0000000080000000, 0x0000000100000000)
  region size 1024K, 24 young (24576K), 3 survivors (3072K)
 Metaspace       used 152418K, committed 154176K, reserved 622592K
  class space    used 19985K, committed 20864K, reserved 425984K
}
Event: 244.839 GC heap after
{Heap after GC invocations=77 (full 0):
 garbage-first heap   total 313344K, used 253146K [0x0000000080000000, 0x0000000100000000)
  region size 1024K, 2 young (2048K), 2 survivors (2048K)
 Metaspace       used 152418K, committed 154176K, reserved 622592K
  class space    used 19985K, committed 20864K, reserved 425984K
}
Event: 245.858 GC heap before
{Heap before GC invocations=77 (full 0):
 garbage-first heap   total 313344K, used 273626K [0x0000000080000000, 0x0000000100000000)
  region size 1024K, 22 young (22528K), 2 survivors (2048K)
 Metaspace       used 152418K, committed 154176K, reserved 622592K
  class space    used 19985K, committed 20864K, reserved 425984K
}
Event: 245.859 GC heap after
{Heap after GC invocations=78 (full 0):
 garbage-first heap   total 313344K, used 253076K [0x0000000080000000, 0x0000000100000000)
  region size 1024K, 2 young (2048K), 2 survivors (2048K)
 Metaspace       used 152418K, committed 154176K, reserved 622592K
  class space    used 19985K, committed 20864K, reserved 425984K
}

