# JRE version: OpenJDK Runtime Environment Microsoft-11926163 (17.0.16+8) (build 17.0.16+8-LTS)
# Java VM: OpenJDK 64-Bit Server VM Microsoft-11926163 (17.0.16+8-LTS, mixed mode, sharing, tiered, compressed oops, compressed class ptrs, g1 gc, windows-amd64)
GC Precious Log:
 CPUs: 12 total, 12 available
 Memory: 16024M
 Large Page Support: Disabled
 NUMA Support: Disabled
 Compressed Oops: Enabled (Zero based)
 Heap Region Size: 2M
 Heap Min Capacity: 8M
 Heap Initial Capacity: 252M
 Heap Max Capacity: 4G
 Pre-touch: Disabled
 Parallel Workers: 10
 Concurrent Workers: 3
 Concurrent Refinement Workers: 10
 Periodic GC: Disabled
Heap:
 garbage-first heap   total 608256K, used 321757K [0x0000000700000000, 0x0000000800000000)
  region size 2048K, 7 young (14336K), 7 survivors (14336K)
 Metaspace       used 158622K, committed 160192K, reserved 1048576K
  class space    used 21537K, committed 22272K, reserved 851968K
GC Heap History (20 events):
Event: 13.474 GC heap after
{Heap after GC invocations=39 (full 0):
 garbage-first heap   total 296960K, used 150882K [0x0000000700000000, 0x0000000800000000)
  region size 2048K, 4 young (8192K), 4 survivors (8192K)
 Metaspace       used 112467K, committed 113728K, reserved 983040K
  class space    used 15524K, committed 16128K, reserved 851968K
}
Event: 13.979 GC heap before
{Heap before GC invocations=39 (full 0):
 garbage-first heap   total 296960K, used 236898K [0x0000000700000000, 0x0000000800000000)
  region size 2048K, 47 young (96256K), 4 survivors (8192K)
 Metaspace       used 116811K, committed 118016K, reserved 983040K
  class space    used 15928K, committed 16512K, reserved 851968K
}
Event: 13.985 GC heap after
{Heap after GC invocations=40 (full 0):
 garbage-first heap   total 296960K, used 159744K [0x0000000700000000, 0x0000000800000000)
  region size 2048K, 6 young (12288K), 6 survivors (12288K)
 Metaspace       used 116811K, committed 118016K, reserved 983040K
  class space    used 15928K, committed 16512K, reserved 851968K
}
Event: 14.151 GC heap before
{Heap before GC invocations=40 (full 0):
 garbage-first heap   total 296960K, used 239616K [0x0000000700000000, 0x0000000800000000)
  region size 2048K, 46 young (94208K), 6 survivors (12288K)
 Metaspace       used 116816K, committed 118016K, reserved 983040K
  class space    used 15929K, committed 16512K, reserved 851968K
}
Event: 14.157 GC heap after
{Heap after GC invocations=41 (full 0):
 garbage-first heap   total 608256K, used 165025K [0x0000000700000000, 0x0000000800000000)
  region size 2048K, 3 young (6144K), 3 survivors (6144K)
 Metaspace       used 116816K, committed 118016K, reserved 983040K
  class space    used 15929K, committed 16512K, reserved 851968K
}
Event: 15.125 GC heap before
{Heap before GC invocations=41 (full 0):
 garbage-first heap   total 608256K, used 470177K [0x0000000700000000, 0x0000000800000000)
  region size 2048K, 152 young (311296K), 3 survivors (6144K)
 Metaspace       used 118504K, committed 119680K, reserved 983040K
  class space    used 16144K, committed 16704K, reserved 851968K
}
Event: 15.132 GC heap after
{Heap after GC invocations=42 (full 0):
 garbage-first heap   total 608256K, used 175465K [0x0000000700000000, 0x0000000800000000)
  region size 2048K, 7 young (14336K), 7 survivors (14336K)
 Metaspace       used 118504K, committed 119680K, reserved 983040K
  class space    used 16144K, committed 16704K, reserved 851968K
}
Event: 15.764 GC heap before
{Heap before GC invocations=42 (full 0):
 garbage-first heap   total 608256K, used 292201K [0x0000000700000000, 0x0000000800000000)
  region size 2048K, 65 young (133120K), 7 survivors (14336K)
 Metaspace       used 123544K, committed 124736K, reserved 983040K
  class space    used 16828K, committed 17408K, reserved 851968K
}
Event: 15.768 GC heap after
{Heap after GC invocations=43 (full 0):
 garbage-first heap   total 608256K, used 174178K [0x0000000700000000, 0x0000000800000000)
  region size 2048K, 7 young (14336K), 7 survivors (14336K)
 Metaspace       used 123544K, committed 124736K, reserved 983040K
  class space    used 16828K, committed 17408K, reserved 851968K
}
Event: 119.003 GC heap before
{Heap before GC invocations=44 (full 0):
 garbage-first heap   total 593920K, used 503906K [0x0000000700000000, 0x0000000800000000)
  region size 2048K, 167 young (342016K), 7 survivors (14336K)
 Metaspace       used 134384K, committed 135744K, reserved 983040K
  class space    used 18038K, committed 18688K, reserved 851968K
}
Event: 119.015 GC heap after
{Heap after GC invocations=45 (full 0):
 garbage-first heap   total 593920K, used 200509K [0x0000000700000000, 0x0000000800000000)
  region size 2048K, 19 young (38912K), 19 survivors (38912K)
 Metaspace       used 134384K, committed 135744K, reserved 983040K
  class space    used 18038K, committed 18688K, reserved 851968K
}
Event: 119.031 GC heap before
{Heap before GC invocations=45 (full 0):
 garbage-first heap   total 593920K, used 202557K [0x0000000700000000, 0x0000000800000000)
  region size 2048K, 20 young (40960K), 19 survivors (38912K)
 Metaspace       used 134412K, committed 135808K, reserved 983040K
  class space    used 18041K, committed 18688K, reserved 851968K
}
Event: 119.041 GC heap after
{Heap after GC invocations=46 (full 0):
 garbage-first heap   total 593920K, used 198244K [0x0000000700000000, 0x0000000800000000)
  region size 2048K, 3 young (6144K), 3 survivors (6144K)
 Metaspace       used 134412K, committed 135808K, reserved 983040K
  class space    used 18041K, committed 18688K, reserved 851968K
}
Event: 120.643 GC heap before
{Heap before GC invocations=46 (full 0):
 garbage-first heap   total 593920K, used 525924K [0x0000000700000000, 0x0000000800000000)
  region size 2048K, 141 young (288768K), 3 survivors (6144K)
 Metaspace       used 145007K, committed 146560K, reserved 983040K
  class space    used 19390K, committed 20160K, reserved 851968K
}
Event: 120.651 GC heap after
{Heap after GC invocations=47 (full 0):
 garbage-first heap   total 593920K, used 243204K [0x0000000700000000, 0x0000000800000000)
  region size 2048K, 13 young (26624K), 13 survivors (26624K)
 Metaspace       used 145007K, committed 146560K, reserved 983040K
  class space    used 19390K, committed 20160K, reserved 851968K
}
Event: 121.553 GC heap before
{Heap before GC invocations=48 (full 0):
 garbage-first heap   total 593920K, used 478724K [0x0000000700000000, 0x0000000800000000)
  region size 2048K, 129 young (264192K), 13 survivors (26624K)
 Metaspace       used 154311K, committed 155776K, reserved 1048576K
  class space    used 21020K, committed 21760K, reserved 851968K
}
Event: 121.588 GC heap after
{Heap after GC invocations=49 (full 0):
 garbage-first heap   total 593920K, used 312344K [0x0000000700000000, 0x0000000800000000)
  region size 2048K, 17 young (34816K), 17 survivors (34816K)
 Metaspace       used 154311K, committed 155776K, reserved 1048576K
  class space    used 21020K, committed 21760K, reserved 851968K
}
Event: 121.611 GC heap before
{Heap before GC invocations=49 (full 0):
 garbage-first heap   total 593920K, used 314392K [0x0000000700000000, 0x0000000800000000)
  region size 2048K, 18 young (36864K), 17 survivors (34816K)
 Metaspace       used 154376K, committed 155840K, reserved 1048576K
  class space    used 21027K, committed 21760K, reserved 851968K
}
Event: 121.634 GC heap after
{Heap after GC invocations=50 (full 0):
 garbage-first heap   total 593920K, used 312613K [0x0000000700000000, 0x0000000800000000)
  region size 2048K, 3 young (6144K), 3 survivors (6144K)
 Metaspace       used 154376K, committed 155840K, reserved 1048576K
  class space    used 21027K, committed 21760K, reserved 851968K
}
Event: 122.247 GC heap before
{Heap before GC invocations=50 (full 0):
 garbage-first heap   total 593920K, used 451877K [0x0000000700000000, 0x0000000800000000)
  region size 2048K, 71 young (145408K), 3 survivors (6144K)
 Metaspace       used 158622K, committed 160192K, reserved 1048576K
  class space    used 21537K, committed 22272K, reserved 851968K
}

