# JRE version: OpenJDK Runtime Environment Microsoft-11926163 (17.0.16+8) (build 17.0.16+8-LTS)
# Java VM: OpenJDK 64-Bit Server VM Microsoft-11926163 (17.0.16+8-LTS, mixed mode, sharing, tiered, compressed oops, compressed class ptrs, g1 gc, windows-amd64)
GC Precious Log:
 CPUs: 12 total, 12 available
 Memory: 16024M
 Large Page Support: Disabled
 NUMA Support: Disabled
 Compressed Oops: Enabled (Zero based)
 Heap Region Size: 2M
 Heap Min Capacity: 8M
 Heap Initial Capacity: 252M
 Heap Max Capacity: 4G
 Pre-touch: Disabled
 Parallel Workers: 10
 Concurrent Workers: 3
 Concurrent Refinement Workers: 10
 Periodic GC: Disabled
Heap:
 garbage-first heap   total 258048K, used 159663K [0x0000000700000000, 0x0000000800000000)
  region size 2048K, 4 young (8192K), 4 survivors (8192K)
 Metaspace       used 116791K, committed 118016K, reserved 983040K
  class space    used 15933K, committed 16512K, reserved 851968K
GC Heap History (20 events):
Event: 8.433 GC heap after
{Heap after GC invocations=34 (full 0):
 garbage-first heap   total 253952K, used 93072K [0x0000000700000000, 0x0000000800000000)
  region size 2048K, 1 young (2048K), 1 survivors (2048K)
 Metaspace       used 79530K, committed 80512K, reserved 983040K
  class space    used 11027K, committed 11520K, reserved 851968K
}
Event: 9.036 GC heap before
{Heap before GC invocations=34 (full 0):
 garbage-first heap   total 253952K, used 201616K [0x0000000700000000, 0x0000000800000000)
  region size 2048K, 52 young (106496K), 1 survivors (2048K)
 Metaspace       used 86454K, committed 87424K, reserved 983040K
  class space    used 11894K, committed 12352K, reserved 851968K
}
Event: 9.038 GC heap after
{Heap after GC invocations=35 (full 0):
 garbage-first heap   total 253952K, used 104332K [0x0000000700000000, 0x0000000800000000)
  region size 2048K, 5 young (10240K), 5 survivors (10240K)
 Metaspace       used 86454K, committed 87424K, reserved 983040K
  class space    used 11894K, committed 12352K, reserved 851968K
}
Event: 9.486 GC heap before
{Heap before GC invocations=35 (full 0):
 garbage-first heap   total 253952K, used 198540K [0x0000000700000000, 0x0000000800000000)
  region size 2048K, 51 young (104448K), 5 survivors (10240K)
 Metaspace       used 91815K, committed 92864K, reserved 983040K
  class space    used 12623K, committed 13120K, reserved 851968K
}
Event: 9.491 GC heap after
{Heap after GC invocations=36 (full 0):
 garbage-first heap   total 253952K, used 109070K [0x0000000700000000, 0x0000000800000000)
  region size 2048K, 3 young (6144K), 3 survivors (6144K)
 Metaspace       used 91815K, committed 92864K, reserved 983040K
  class space    used 12623K, committed 13120K, reserved 851968K
}
Event: 10.122 GC heap before
{Heap before GC invocations=36 (full 0):
 garbage-first heap   total 253952K, used 201230K [0x0000000700000000, 0x0000000800000000)
  region size 2048K, 48 young (98304K), 3 survivors (6144K)
 Metaspace       used 96802K, committed 97792K, reserved 983040K
  class space    used 13331K, committed 13824K, reserved 851968K
}
Event: 10.124 GC heap after
{Heap after GC invocations=37 (full 0):
 garbage-first heap   total 253952K, used 112383K [0x0000000700000000, 0x0000000800000000)
  region size 2048K, 4 young (8192K), 4 survivors (8192K)
 Metaspace       used 96802K, committed 97792K, reserved 983040K
  class space    used 13331K, committed 13824K, reserved 851968K
}
Event: 10.694 GC heap before
{Heap before GC invocations=37 (full 0):
 garbage-first heap   total 253952K, used 206591K [0x0000000700000000, 0x0000000800000000)
  region size 2048K, 50 young (102400K), 4 survivors (8192K)
 Metaspace       used 102520K, committed 103488K, reserved 983040K
  class space    used 14179K, committed 14656K, reserved 851968K
}
Event: 10.697 GC heap after
{Heap after GC invocations=38 (full 0):
 garbage-first heap   total 253952K, used 116279K [0x0000000700000000, 0x0000000800000000)
  region size 2048K, 4 young (8192K), 4 survivors (8192K)
 Metaspace       used 102520K, committed 103488K, reserved 983040K
  class space    used 14179K, committed 14656K, reserved 851968K
}
Event: 11.009 GC heap before
{Heap before GC invocations=38 (full 0):
 garbage-first heap   total 253952K, used 206391K [0x0000000700000000, 0x0000000800000000)
  region size 2048K, 49 young (100352K), 4 survivors (8192K)
 Metaspace       used 103576K, committed 104704K, reserved 983040K
  class space    used 14300K, committed 14848K, reserved 851968K
}
Event: 11.014 GC heap after
{Heap after GC invocations=39 (full 0):
 garbage-first heap   total 253952K, used 122051K [0x0000000700000000, 0x0000000800000000)
  region size 2048K, 7 young (14336K), 7 survivors (14336K)
 Metaspace       used 103576K, committed 104704K, reserved 983040K
  class space    used 14300K, committed 14848K, reserved 851968K
}
Event: 11.192 GC heap before
{Heap before GC invocations=39 (full 0):
 garbage-first heap   total 253952K, used 206019K [0x0000000700000000, 0x0000000800000000)
  region size 2048K, 49 young (100352K), 7 survivors (14336K)
 Metaspace       used 103958K, committed 105024K, reserved 983040K
  class space    used 14350K, committed 14848K, reserved 851968K
}
Event: 11.196 GC heap after
{Heap after GC invocations=40 (full 0):
 garbage-first heap   total 253952K, used 124974K [0x0000000700000000, 0x0000000800000000)
  region size 2048K, 5 young (10240K), 5 survivors (10240K)
 Metaspace       used 103958K, committed 105024K, reserved 983040K
  class space    used 14350K, committed 14848K, reserved 851968K
}
Event: 11.842 GC heap before
{Heap before GC invocations=40 (full 0):
 garbage-first heap   total 253952K, used 208942K [0x0000000700000000, 0x0000000800000000)
  region size 2048K, 46 young (94208K), 5 survivors (10240K)
 Metaspace       used 107099K, committed 108224K, reserved 983040K
  class space    used 14840K, committed 15360K, reserved 851968K
}
Event: 11.848 GC heap after
{Heap after GC invocations=41 (full 0):
 garbage-first heap   total 253952K, used 140865K [0x0000000700000000, 0x0000000800000000)
  region size 2048K, 6 young (12288K), 6 survivors (12288K)
 Metaspace       used 107099K, committed 108224K, reserved 983040K
  class space    used 14840K, committed 15360K, reserved 851968K
}
Event: 12.421 GC heap before
{Heap before GC invocations=41 (full 0):
 garbage-first heap   total 253952K, used 208449K [0x0000000700000000, 0x0000000800000000)
  region size 2048K, 40 young (81920K), 6 survivors (12288K)
 Metaspace       used 112274K, committed 113472K, reserved 983040K
  class space    used 15501K, committed 16064K, reserved 851968K
}
Event: 12.426 GC heap after
{Heap after GC invocations=42 (full 0):
 garbage-first heap   total 253952K, used 146745K [0x0000000700000000, 0x0000000800000000)
  region size 2048K, 3 young (6144K), 3 survivors (6144K)
 Metaspace       used 112274K, committed 113472K, reserved 983040K
  class space    used 15501K, committed 16064K, reserved 851968K
}
Event: 12.822 GC heap before
{Heap before GC invocations=42 (full 0):
 garbage-first heap   total 253952K, used 208185K [0x0000000700000000, 0x0000000800000000)
  region size 2048K, 34 young (69632K), 3 survivors (6144K)
 Metaspace       used 114778K, committed 115968K, reserved 983040K
  class space    used 15797K, committed 16384K, reserved 851968K
}
Event: 12.826 GC heap after
{Heap after GC invocations=43 (full 0):
 garbage-first heap   total 253952K, used 152635K [0x0000000700000000, 0x0000000800000000)
  region size 2048K, 5 young (10240K), 5 survivors (10240K)
 Metaspace       used 114778K, committed 115968K, reserved 983040K
  class space    used 15797K, committed 16384K, reserved 851968K
}
Event: 13.070 GC heap before
{Heap before GC invocations=43 (full 0):
 garbage-first heap   total 253952K, used 209979K [0x0000000700000000, 0x0000000800000000)
  region size 2048K, 34 young (69632K), 5 survivors (10240K)
 Metaspace       used 116791K, committed 118016K, reserved 983040K
  class space    used 15933K, committed 16512K, reserved 851968K
}

